This is pdfTeX, Version 3.14159265-2.6-1.40.21 (TeX Live 2020) (preloaded format=pdflatex 2020.10.9)  10 OCT 2020 11:44
entering extended mode
 restricted \write18 enabled.
 %&-line parsing enabled.
**appendix_new_simulations.tex
(./appendix_new_simulations.tex
LaTeX2e <2020-10-01>
L3 programming layer <2020-10-05> xparse <2020-03-03> (/Users/jameswillard/Libr
ary/TinyTeX/texmf-dist/tex/latex/base/article.cls
Document Class: article 2020/04/10 v1.4m Standard LaTeX document class
(/Users/jameswillard/Library/TinyTeX/texmf-dist/tex/latex/base/size10.clo
File: size10.clo 2020/04/10 v1.4m Standard LaTeX file (size option)
)
\c@part=\count175
\c@section=\count176
\c@subsection=\count177
\c@subsubsection=\count178
\c@paragraph=\count179
\c@subparagraph=\count180
\c@figure=\count181
\c@table=\count182
\abovecaptionskip=\skip47
\belowcaptionskip=\skip48
\bibindent=\dimen138
) (/Users/jameswillard/Library/TinyTeX/texmf-dist/tex/latex/lm/lmodern.sty
Package: lmodern 2009/10/30 v1.6 Latin Modern Fonts
LaTeX Font Info:    Overwriting symbol font `operators' in version `normal'
(Font)                  OT1/cmr/m/n --> OT1/lmr/m/n on input line 22.
LaTeX Font Info:    Overwriting symbol font `letters' in version `normal'
(Font)                  OML/cmm/m/it --> OML/lmm/m/it on input line 23.
LaTeX Font Info:    Overwriting symbol font `symbols' in version `normal'
(Font)                  OMS/cmsy/m/n --> OMS/lmsy/m/n on input line 24.
LaTeX Font Info:    Overwriting symbol font `largesymbols' in version `normal'
(Font)                  OMX/cmex/m/n --> OMX/lmex/m/n on input line 25.
LaTeX Font Info:    Overwriting symbol font `operators' in version `bold'
(Font)                  OT1/cmr/bx/n --> OT1/lmr/bx/n on input line 26.
LaTeX Font Info:    Overwriting symbol font `letters' in version `bold'
(Font)                  OML/cmm/b/it --> OML/lmm/b/it on input line 27.
LaTeX Font Info:    Overwriting symbol font `symbols' in version `bold'
(Font)                  OMS/cmsy/b/n --> OMS/lmsy/b/n on input line 28.
LaTeX Font Info:    Overwriting symbol font `largesymbols' in version `bold'
(Font)                  OMX/cmex/m/n --> OMX/lmex/m/n on input line 29.
LaTeX Font Info:    Overwriting math alphabet `\mathbf' in version `normal'
(Font)                  OT1/cmr/bx/n --> OT1/lmr/bx/n on input line 31.
LaTeX Font Info:    Overwriting math alphabet `\mathsf' in version `normal'
(Font)                  OT1/cmss/m/n --> OT1/lmss/m/n on input line 32.
LaTeX Font Info:    Overwriting math alphabet `\mathit' in version `normal'
(Font)                  OT1/cmr/m/it --> OT1/lmr/m/it on input line 33.
LaTeX Font Info:    Overwriting math alphabet `\mathtt' in version `normal'
(Font)                  OT1/cmtt/m/n --> OT1/lmtt/m/n on input line 34.
LaTeX Font Info:    Overwriting math alphabet `\mathbf' in version `bold'
(Font)                  OT1/cmr/bx/n --> OT1/lmr/bx/n on input line 35.
LaTeX Font Info:    Overwriting math alphabet `\mathsf' in version `bold'
(Font)                  OT1/cmss/bx/n --> OT1/lmss/bx/n on input line 36.
LaTeX Font Info:    Overwriting math alphabet `\mathit' in version `bold'
(Font)                  OT1/cmr/bx/it --> OT1/lmr/bx/it on input line 37.
LaTeX Font Info:    Overwriting math alphabet `\mathtt' in version `bold'
(Font)                  OT1/cmtt/m/n --> OT1/lmtt/m/n on input line 38.
) (/Users/jameswillard/Library/TinyTeX/texmf-dist/tex/latex/amsfonts/amssymb.st
y
Package: amssymb 2013/01/14 v3.01 AMS font symbols

(/Users/jameswillard/Library/TinyTeX/texmf-dist/tex/latex/amsfonts/amsfonts.sty
Package: amsfonts 2013/01/14 v3.01 Basic AMSFonts support
\@emptytoks=\toks15
\symAMSa=\mathgroup4
\symAMSb=\mathgroup5
LaTeX Font Info:    Redeclaring math symbol \hbar on input line 98.
LaTeX Font Info:    Overwriting math alphabet `\mathfrak' in version `bold'
(Font)                  U/euf/m/n --> U/euf/b/n on input line 106.
)) (/Users/jameswillard/Library/TinyTeX/texmf-dist/tex/latex/amsmath/amsmath.st
y
Package: amsmath 2020/09/23 v2.17i AMS math features
\@mathmargin=\skip49
For additional information on amsmath, use the `?' option.
(/Users/jameswillard/Library/TinyTeX/texmf-dist/tex/latex/amsmath/amstext.sty
Package: amstext 2000/06/29 v2.01 AMS text
(/Users/jameswillard/Library/TinyTeX/texmf-dist/tex/latex/amsmath/amsgen.sty
File: amsgen.sty 1999/11/30 v2.0 generic functions
\@emptytoks=\toks16
\ex@=\dimen139
)) (/Users/jameswillard/Library/TinyTeX/texmf-dist/tex/latex/amsmath/amsbsy.sty
Package: amsbsy 1999/11/29 v1.2d Bold Symbols
\pmbraise@=\dimen140
) (/Users/jameswillard/Library/TinyTeX/texmf-dist/tex/latex/amsmath/amsopn.sty
Package: amsopn 2016/03/08 v2.02 operator names
)
\inf@bad=\count183
LaTeX Info: Redefining \frac on input line 234.
\uproot@=\count184
\leftroot@=\count185
LaTeX Info: Redefining \overline on input line 399.
\classnum@=\count186
\DOTSCASE@=\count187
LaTeX Info: Redefining \ldots on input line 496.
LaTeX Info: Redefining \dots on input line 499.
LaTeX Info: Redefining \cdots on input line 620.
\Mathstrutbox@=\box47
\strutbox@=\box48
\big@size=\dimen141
LaTeX Font Info:    Redeclaring font encoding OML on input line 743.
LaTeX Font Info:    Redeclaring font encoding OMS on input line 744.
\macc@depth=\count188
\c@MaxMatrixCols=\count189
\dotsspace@=\muskip16
\c@parentequation=\count190
\dspbrk@lvl=\count191
\tag@help=\toks17
\row@=\count192
\column@=\count193
\maxfields@=\count194
\andhelp@=\toks18
\eqnshift@=\dimen142
\alignsep@=\dimen143
\tagshift@=\dimen144
\tagwidth@=\dimen145
\totwidth@=\dimen146
\lineht@=\dimen147
\@envbody=\toks19
\multlinegap=\skip50
\multlinetaggap=\skip51
\mathdisplay@stack=\toks20
LaTeX Info: Redefining \[ on input line 2923.
LaTeX Info: Redefining \] on input line 2924.
) (/Users/jameswillard/Library/TinyTeX/texmf-dist/tex/generic/iftex/ifxetex.sty
Package: ifxetex 2019/10/25 v0.7 ifxetex legacy package. Use iftex instead.
(/Users/jameswillard/Library/TinyTeX/texmf-dist/tex/generic/iftex/iftex.sty
Package: iftex 2020/03/06 v1.0d TeX engine tests
)) (/Users/jameswillard/Library/TinyTeX/texmf-dist/tex/generic/iftex/ifluatex.s
ty
Package: ifluatex 2019/10/25 v1.5 ifluatex legacy package. Use iftex instead.
) (/Users/jameswillard/Library/TinyTeX/texmf-dist/tex/latex/base/fixltx2e.sty
Package: fixltx2e 2016/12/29 v2.1a fixes to LaTeX (obsolete)
Applying: [2015/01/01] Old fixltx2e package on input line 46.

Package fixltx2e Warning: fixltx2e is not required with releases after 2015
(fixltx2e)                All fixes are now in the LaTeX kernel.
(fixltx2e)                See the latexrelease package for details.

Already applied: [0000/00/00] Old fixltx2e package on input line 53.
) (/Users/jameswillard/Library/TinyTeX/texmf-dist/tex/latex/base/fontenc.sty
Package: fontenc 2020/08/10 v2.0s Standard LaTeX package
LaTeX Font Info:    Trying to load font information for T1+lmr on input line 11
2.
(/Users/jameswillard/Library/TinyTeX/texmf-dist/tex/latex/lm/t1lmr.fd
File: t1lmr.fd 2009/10/30 v1.6 Font defs for Latin Modern
)) (/Users/jameswillard/Library/TinyTeX/texmf-dist/tex/latex/base/inputenc.sty
Package: inputenc 2020/08/01 v1.3d Input encoding file
\inpenc@prehook=\toks21
\inpenc@posthook=\toks22
) (/Users/jameswillard/Library/TinyTeX/texmf-dist/tex/latex/base/textcomp.sty
Package: textcomp 2020/02/02 v2.0n Standard LaTeX package
)
(/Users/jameswillard/Library/TinyTeX/texmf-dist/tex/latex/hyperref/hyperref.sty
Package: hyperref 2020-05-15 v7.00e Hypertext links for LaTeX

(/Users/jameswillard/Library/TinyTeX/texmf-dist/tex/generic/ltxcmds/ltxcmds.sty
Package: ltxcmds 2020-05-10 v1.25 LaTeX kernel commands for general use (HO)
)
(/Users/jameswillard/Library/TinyTeX/texmf-dist/tex/generic/pdftexcmds/pdftexcm
ds.sty
Package: pdftexcmds 2020-06-27 v0.33 Utility functions of pdfTeX for LuaTeX (HO
)

(/Users/jameswillard/Library/TinyTeX/texmf-dist/tex/generic/infwarerr/infwarerr
.sty
Package: infwarerr 2019/12/03 v1.5 Providing info/warning/error messages (HO)
)
Package pdftexcmds Info: \pdf@primitive is available.
Package pdftexcmds Info: \pdf@ifprimitive is available.
Package pdftexcmds Info: \pdfdraftmode found.
) (/Users/jameswillard/Library/TinyTeX/texmf-dist/tex/latex/graphics/keyval.sty
Package: keyval 2014/10/28 v1.15 key=value parser (DPC)
\KV@toks@=\toks23
)
(/Users/jameswillard/Library/TinyTeX/texmf-dist/tex/generic/kvsetkeys/kvsetkeys
.sty
Package: kvsetkeys 2019/12/15 v1.18 Key value parser (HO)
)
(/Users/jameswillard/Library/TinyTeX/texmf-dist/tex/generic/kvdefinekeys/kvdefi
nekeys.sty
Package: kvdefinekeys 2019-12-19 v1.6 Define keys (HO)
)
(/Users/jameswillard/Library/TinyTeX/texmf-dist/tex/generic/pdfescape/pdfescape
.sty
Package: pdfescape 2019/12/09 v1.15 Implements pdfTeX's escape features (HO)
) (/Users/jameswillard/Library/TinyTeX/texmf-dist/tex/latex/hycolor/hycolor.sty
Package: hycolor 2020-01-27 v1.10 Color options for hyperref/bookmark (HO)
)
(/Users/jameswillard/Library/TinyTeX/texmf-dist/tex/latex/letltxmacro/letltxmac
ro.sty
Package: letltxmacro 2019/12/03 v1.6 Let assignment for LaTeX macros (HO)
) (/Users/jameswillard/Library/TinyTeX/texmf-dist/tex/latex/auxhook/auxhook.sty
Package: auxhook 2019-12-17 v1.6 Hooks for auxiliary files (HO)
)
(/Users/jameswillard/Library/TinyTeX/texmf-dist/tex/latex/kvoptions/kvoptions.s
ty
Package: kvoptions 2019/11/29 v3.13 Key value format for package options (HO)
)
\@linkdim=\dimen148
\Hy@linkcounter=\count195
\Hy@pagecounter=\count196
(/Users/jameswillard/Library/TinyTeX/texmf-dist/tex/latex/hyperref/pd1enc.def
File: pd1enc.def 2020-05-15 v7.00e Hyperref: PDFDocEncoding definition (HO)
Now handling font encoding PD1 ...
... no UTF-8 mapping file for font encoding PD1
)
(/Users/jameswillard/Library/TinyTeX/texmf-dist/tex/generic/intcalc/intcalc.sty
Package: intcalc 2019/12/15 v1.3 Expandable calculations with integers (HO)
)
(/Users/jameswillard/Library/TinyTeX/texmf-dist/tex/generic/etexcmds/etexcmds.s
ty
Package: etexcmds 2019/12/15 v1.7 Avoid name clashes with e-TeX commands (HO)
)
\Hy@SavedSpaceFactor=\count197
Package hyperref Info: Option `unicode' set `true' on input line 4338.
(/Users/jameswillard/Library/TinyTeX/texmf-dist/tex/latex/hyperref/puenc.def
File: puenc.def 2020-05-15 v7.00e Hyperref: PDF Unicode definition (HO)
Now handling font encoding PU ...
... no UTF-8 mapping file for font encoding PU
)
Package hyperref Info: Hyper figures OFF on input line 4464.
Package hyperref Info: Link nesting OFF on input line 4469.
Package hyperref Info: Hyper index ON on input line 4472.
Package hyperref Info: Plain pages OFF on input line 4479.
Package hyperref Info: Backreferencing OFF on input line 4484.
Package hyperref Info: Implicit mode ON; LaTeX internals redefined.
Package hyperref Info: Bookmarks ON on input line 4717.
\c@Hy@tempcnt=\count198
(/Users/jameswillard/Library/TinyTeX/texmf-dist/tex/latex/url/url.sty
\Urlmuskip=\muskip17
Package: url 2013/09/16  ver 3.4  Verb mode for urls, etc.
)
LaTeX Info: Redefining \url on input line 5076.
\XeTeXLinkMargin=\dimen149
(/Users/jameswillard/Library/TinyTeX/texmf-dist/tex/generic/bitset/bitset.sty
Package: bitset 2019/12/09 v1.3 Handle bit-vector datatype (HO)

(/Users/jameswillard/Library/TinyTeX/texmf-dist/tex/generic/bigintcalc/bigintca
lc.sty
Package: bigintcalc 2019/12/15 v1.5 Expandable calculations on big integers (HO
)
))
\Fld@menulength=\count199
\Field@Width=\dimen150
\Fld@charsize=\dimen151
Package hyperref Info: Hyper figures OFF on input line 6347.
Package hyperref Info: Link nesting OFF on input line 6352.
Package hyperref Info: Hyper index ON on input line 6355.
Package hyperref Info: backreferencing OFF on input line 6362.
Package hyperref Info: Link coloring OFF on input line 6367.
Package hyperref Info: Link coloring with OCG OFF on input line 6372.
Package hyperref Info: PDF/A mode OFF on input line 6377.
LaTeX Info: Redefining \ref on input line 6417.
LaTeX Info: Redefining \pageref on input line 6421.

(/Users/jameswillard/Library/TinyTeX/texmf-dist/tex/latex/base/atbegshi-ltx.sty
Package: atbegshi-ltx 2020/08/17 v1.0a Emulation of the original atbegshi packa
ge
with kernel methods
)
\Hy@abspage=\count266
\c@Item=\count267
\c@Hfootnote=\count268
)
Package hyperref Info: Driver (autodetected): hpdftex.
(/Users/jameswillard/Library/TinyTeX/texmf-dist/tex/latex/hyperref/hpdftex.def
File: hpdftex.def 2020-05-15 v7.00e Hyperref driver for pdfTeX

(/Users/jameswillard/Library/TinyTeX/texmf-dist/tex/latex/base/atveryend-ltx.st
y
Package: atveryend-ltx 2020/08/19 v1.0a Emulation of the original atvery packag
e
with kernel methods
)
\Fld@listcount=\count269
\c@bookmark@seq@number=\count270

(/Users/jameswillard/Library/TinyTeX/texmf-dist/tex/latex/rerunfilecheck/rerunf
ilecheck.sty
Package: rerunfilecheck 2019/12/05 v1.9 Rerun checks for auxiliary files (HO)

(/Users/jameswillard/Library/TinyTeX/texmf-dist/tex/generic/uniquecounter/uniqu
ecounter.sty
Package: uniquecounter 2019/12/15 v1.4 Provide unlimited unique counter (HO)
)
Package uniquecounter Info: New unique counter `rerunfilecheck' on input line 2
86.
)
\Hy@SectionHShift=\skip52
)
Package hyperref Info: Option `breaklinks' set `true' on input line 34.

(/Users/jameswillard/Library/TinyTeX/texmf-dist/tex/latex/geometry/geometry.sty
Package: geometry 2020/01/02 v5.9 Page Geometry
(/Users/jameswillard/Library/TinyTeX/texmf-dist/tex/generic/iftex/ifvtex.sty
Package: ifvtex 2019/10/25 v1.7 ifvtex legacy package. Use iftex instead.
)
\Gm@cnth=\count271
\Gm@cntv=\count272
\c@Gm@tempcnt=\count273
\Gm@bindingoffset=\dimen152
\Gm@wd@mp=\dimen153
\Gm@odd@mp=\dimen154
\Gm@even@mp=\dimen155
\Gm@layoutwidth=\dimen156
\Gm@layoutheight=\dimen157
\Gm@layouthoffset=\dimen158
\Gm@layoutvoffset=\dimen159
\Gm@dimlist=\toks24
)
(/Users/jameswillard/Library/TinyTeX/texmf-dist/tex/latex/graphics/graphicx.sty
Package: graphicx 2020/09/09 v1.2b Enhanced LaTeX Graphics (DPC,SPQR)

(/Users/jameswillard/Library/TinyTeX/texmf-dist/tex/latex/graphics/graphics.sty
Package: graphics 2020/08/30 v1.4c Standard LaTeX Graphics (DPC,SPQR)
(/Users/jameswillard/Library/TinyTeX/texmf-dist/tex/latex/graphics/trig.sty
Package: trig 2016/01/03 v1.10 sin cos tan (DPC)
)
(/Users/jameswillard/Library/TinyTeX/texmf-dist/tex/latex/graphics-cfg/graphics
.cfg
File: graphics.cfg 2016/06/04 v1.11 sample graphics configuration
)
Package graphics Info: Driver file: pdftex.def on input line 105.

(/Users/jameswillard/Library/TinyTeX/texmf-dist/tex/latex/graphics-def/pdftex.d
ef
File: pdftex.def 2020/10/05 v1.2a Graphics/color driver for pdftex
))
\Gin@req@height=\dimen160
\Gin@req@width=\dimen161
) (/Users/jameswillard/Library/TinyTeX/texmf-dist/tex/latex/grffile/grffile.sty
Package: grffile 2019/11/11 v2.1 Extended file name support for graphics (legac
y)
Package grffile Info: This package is an empty stub for compatibility on input 
line 40.
) (/Users/jameswillard/Library/TinyTeX/texmf-dist/tex/latex/caption/caption.sty
Package: caption 2020/09/12 v3.5b Customizing captions (AR)
(/Users/jameswillard/Library/TinyTeX/texmf-dist/tex/latex/caption/caption3.sty
Package: caption3 2020/09/17 v2.1b caption3 kernel (AR)
\captionmargin=\dimen162
\captionmargin@=\dimen163
\captionwidth=\dimen164
\caption@tempdima=\dimen165
\caption@indent=\dimen166
\caption@parindent=\dimen167
\caption@hangindent=\dimen168
Package caption Info: Standard document class detected.
)
\c@caption@flags=\count274
\c@continuedfloat=\count275
Package caption Info: hyperref package is loaded.
) (/Users/jameswillard/Library/TinyTeX/texmf-dist/tex/latex/float/float.sty
Package: float 2001/11/08 v1.3d Float enhancements (AL)
\c@float@type=\count276
\float@exts=\toks25
\float@box=\box49
\@float@everytoks=\toks26
\@floatcapt=\box50
)
(/Users/jameswillard/Library/TinyTeX/texmf-dist/tex/latex/caption/subcaption.st
y
Package: subcaption 2020/08/23 v1.3g Sub-captions (AR)
\c@subfigure=\count277
\c@subtable=\count278
)
(/Users/jameswillard/Library/TinyTeX/texmf-dist/tex/latex/l3backend/l3backend-p
dftex.def
File: l3backend-pdftex.def 2020-09-24 L3 backend support: PDF output (pdfTeX)
\l__kernel_color_stack_int=\count279
\l__pdf_internal_box=\box51
) (./appendix_new_simulations.aux

LaTeX Warning: Label `fig:fig' multiply defined.


LaTeX Warning: Label `fig:fig' multiply defined.

)
\openout1 = `appendix_new_simulations.aux'.

LaTeX Font Info:    Checking defaults for OML/cmm/m/it on input line 81.
LaTeX Font Info:    ... okay on input line 81.
LaTeX Font Info:    Checking defaults for OMS/cmsy/m/n on input line 81.
LaTeX Font Info:    ... okay on input line 81.
LaTeX Font Info:    Checking defaults for OT1/cmr/m/n on input line 81.
LaTeX Font Info:    ... okay on input line 81.
LaTeX Font Info:    Checking defaults for T1/cmr/m/n on input line 81.
LaTeX Font Info:    ... okay on input line 81.
LaTeX Font Info:    Checking defaults for TS1/cmr/m/n on input line 81.
LaTeX Font Info:    ... okay on input line 81.
LaTeX Font Info:    Checking defaults for OMX/cmex/m/n on input line 81.
LaTeX Font Info:    ... okay on input line 81.
LaTeX Font Info:    Checking defaults for U/cmr/m/n on input line 81.
LaTeX Font Info:    ... okay on input line 81.
LaTeX Font Info:    Checking defaults for PD1/pdf/m/n on input line 81.
LaTeX Font Info:    ... okay on input line 81.
LaTeX Font Info:    Checking defaults for PU/pdf/m/n on input line 81.
LaTeX Font Info:    ... okay on input line 81.
Package hyperref Info: Link coloring OFF on input line 81.
(/Users/jameswillard/Library/TinyTeX/texmf-dist/tex/latex/hyperref/nameref.sty
Package: nameref 2019/09/16 v2.46 Cross-referencing by name of section

(/Users/jameswillard/Library/TinyTeX/texmf-dist/tex/latex/refcount/refcount.sty
Package: refcount 2019/12/15 v3.6 Data extraction from label references (HO)
)
(/Users/jameswillard/Library/TinyTeX/texmf-dist/tex/generic/gettitlestring/gett
itlestring.sty
Package: gettitlestring 2019/12/15 v1.6 Cleanup title references (HO)
)
\c@section@level=\count280
)
LaTeX Info: Redefining \ref on input line 81.
LaTeX Info: Redefining \pageref on input line 81.
LaTeX Info: Redefining \nameref on input line 81.
(./appendix_new_simulations.out) (./appendix_new_simulations.out)
\@outlinefile=\write3
\openout3 = `appendix_new_simulations.out'.

*geometry* driver: auto-detecting
*geometry* detected driver: pdftex
*geometry* verbose mode - [ preamble ] result:
* driver: pdftex
* paper: <default>
* layout: <same size as paper>
* layoutoffset:(h,v)=(0.0pt,0.0pt)
* modes: 
* h-part:(L,W,R)=(72.26999pt, 469.75502pt, 72.26999pt)
* v-part:(T,H,B)=(72.26999pt, 650.43001pt, 72.26999pt)
* \paperwidth=614.295pt
* \paperheight=794.96999pt
* \textwidth=469.75502pt
* \textheight=650.43001pt
* \oddsidemargin=0.0pt
* \evensidemargin=0.0pt
* \topmargin=-37.0pt
* \headheight=12.0pt
* \headsep=25.0pt
* \topskip=10.0pt
* \footskip=30.0pt
* \marginparwidth=65.0pt
* \marginparsep=11.0pt
* \columnsep=10.0pt
* \skip\footins=9.0pt plus 4.0pt minus 2.0pt
* \hoffset=0.0pt
* \voffset=0.0pt
* \mag=1000
* \@twocolumnfalse
* \@twosidefalse
* \@mparswitchfalse
* \@reversemarginfalse
* (1in=72.27pt=25.4mm, 1cm=28.453pt)


(/Users/jameswillard/Library/TinyTeX/texmf-dist/tex/latex/epstopdf-pkg/epstopdf
-base.sty
Package: epstopdf-base 2020-01-24 v2.11 Base part for package epstopdf
Package epstopdf-base Info: Redefining graphics rule for `.eps' on input line 4
85.

(/Users/jameswillard/Library/TinyTeX/texmf-dist/tex/latex/latexconfig/epstopdf-
sys.cfg
File: epstopdf-sys.cfg 2010/07/13 v1.3 Configuration of (r)epstopdf for TeX Liv
e
))
Package caption Info: Begin \AtBeginDocument code.
Package caption Info: float package is loaded.
Package caption Info: End \AtBeginDocument code.
LaTeX Font Info:    Trying to load font information for OT1+lmr on input line 8
3.
(/Users/jameswillard/Library/TinyTeX/texmf-dist/tex/latex/lm/ot1lmr.fd
File: ot1lmr.fd 2009/10/30 v1.6 Font defs for Latin Modern
)
LaTeX Font Info:    Trying to load font information for OML+lmm on input line 8
3.
(/Users/jameswillard/Library/TinyTeX/texmf-dist/tex/latex/lm/omllmm.fd
File: omllmm.fd 2009/10/30 v1.6 Font defs for Latin Modern
)
LaTeX Font Info:    Trying to load font information for OMS+lmsy on input line 
83.
(/Users/jameswillard/Library/TinyTeX/texmf-dist/tex/latex/lm/omslmsy.fd
File: omslmsy.fd 2009/10/30 v1.6 Font defs for Latin Modern
)
LaTeX Font Info:    Trying to load font information for OMX+lmex on input line 
83.
(/Users/jameswillard/Library/TinyTeX/texmf-dist/tex/latex/lm/omxlmex.fd
File: omxlmex.fd 2009/10/30 v1.6 Font defs for Latin Modern
)
LaTeX Font Info:    External font `lmex10' loaded for size
(Font)              <12> on input line 83.
LaTeX Font Info:    External font `lmex10' loaded for size
(Font)              <8> on input line 83.
LaTeX Font Info:    External font `lmex10' loaded for size
(Font)              <6> on input line 83.
LaTeX Font Info:    Trying to load font information for U+msa on input line 83.

(/Users/jameswillard/Library/TinyTeX/texmf-dist/tex/latex/amsfonts/umsa.fd
File: umsa.fd 2013/01/14 v3.01 AMS symbols A
)
LaTeX Font Info:    Trying to load font information for U+msb on input line 83.

(/Users/jameswillard/Library/TinyTeX/texmf-dist/tex/latex/amsfonts/umsb.fd
File: umsb.fd 2013/01/14 v3.01 AMS symbols B
)
<../p1_plots/batch_size_nb_1000/type_1_error_p1.png, id=16, 3011.25pt x 1689.31
125pt>
File: ../p1_plots/batch_size_nb_1000/type_1_error_p1.png Graphic file (type png
)
<use ../p1_plots/batch_size_nb_1000/type_1_error_p1.png>
Package pdftex.def Info: ../p1_plots/batch_size_nb_1000/type_1_error_p1.png  us
ed on input line 119.
(pdftex.def)             Requested size: 469.72556pt x 263.51602pt.
[1

{/Users/jameswillard/Library/TinyTeX/texmf-var/fonts/map/pdftex/updmap/pdftex.m
ap} <../p1_plots/batch_size_nb_1000/type_1_error_p1.png>]
<../p1_plots/batch_size_nb_1000/power_all_p1.png, id=36, 4516.875pt x 1689.3112
5pt>
File: ../p1_plots/batch_size_nb_1000/power_all_p1.png Graphic file (type png)
<use ../p1_plots/batch_size_nb_1000/power_all_p1.png>
Package pdftex.def Info: ../p1_plots/batch_size_nb_1000/power_all_p1.png  used 
on input line 137.
(pdftex.def)             Requested size: 469.70258pt x 175.66876pt.
<../p1_plots/batch_size_nb_1000/power_p1.png, id=37, 3011.25pt x 1689.31125pt>
File: ../p1_plots/batch_size_nb_1000/power_p1.png Graphic file (type png)
<use ../p1_plots/batch_size_nb_1000/power_p1.png>
Package pdftex.def Info: ../p1_plots/batch_size_nb_1000/power_p1.png  used on i
nput line 149.
(pdftex.def)             Requested size: 469.72556pt x 263.51602pt.
[2 <../p1_plots/batch_size_nb_1000/power_all_p1.png>]
<../p1_plots/batch_size_nb_1000/exp_sample_size_p1.png, id=45, 3011.25pt x 1689
.31125pt>
File: ../p1_plots/batch_size_nb_1000/exp_sample_size_p1.png Graphic file (type 
png)
<use ../p1_plots/batch_size_nb_1000/exp_sample_size_p1.png>
Package pdftex.def Info: ../p1_plots/batch_size_nb_1000/exp_sample_size_p1.png 
 used on input line 165.
(pdftex.def)             Requested size: 469.72556pt x 263.51602pt.
[3 <../p1_plots/batch_size_nb_1000/power_p1.png>]
<../p1_plots/batch_size_nb_1000/prob_reach_max_size_p1.png, id=54, 3011.25pt x 
1689.31125pt>
File: ../p1_plots/batch_size_nb_1000/prob_reach_max_size_p1.png Graphic file (t
ype png)
<use ../p1_plots/batch_size_nb_1000/prob_reach_max_size_p1.png>
Package pdftex.def Info: ../p1_plots/batch_size_nb_1000/prob_reach_max_size_p1.
png  used on input line 180.
(pdftex.def)             Requested size: 469.72556pt x 263.51602pt.
[4 <../p1_plots/batch_size_nb_1000/exp_sample_size_p1.png>]
<../p1_plots/batch_size_nb_1000/prob_stop_early_p1.png, id=63, 3011.25pt x 1689
.31125pt>
File: ../p1_plots/batch_size_nb_1000/prob_stop_early_p1.png Graphic file (type 
png)
<use ../p1_plots/batch_size_nb_1000/prob_stop_early_p1.png>
Package pdftex.def Info: ../p1_plots/batch_size_nb_1000/prob_stop_early_p1.png 
 used on input line 200.
(pdftex.def)             Requested size: 469.72556pt x 263.51602pt.
[5 <../p1_plots/batch_size_nb_1000/prob_reach_max_size_p1.png>]
<../p1_plots/batch_size_nb_1000/prob_stop_early_fut_p1.png, id=72, 3011.25pt x 
1689.31125pt>
File: ../p1_plots/batch_size_nb_1000/prob_stop_early_fut_p1.png Graphic file (t
ype png)
<use ../p1_plots/batch_size_nb_1000/prob_stop_early_fut_p1.png>
Package pdftex.def Info: ../p1_plots/batch_size_nb_1000/prob_stop_early_fut_p1.
png  used on input line 227.
(pdftex.def)             Requested size: 375.808pt x 210.8283pt.
LaTeX Font Info:    External font `lmex10' loaded for size
(Font)              <10> on input line 228.
LaTeX Font Info:    External font `lmex10' loaded for size
(Font)              <7> on input line 228.
LaTeX Font Info:    External font `lmex10' loaded for size
(Font)              <5> on input line 228.
<../p1_plots/batch_size_nb_1000/prob_stop_early_sup_p1.png, id=73, 3011.25pt x 
1689.31125pt>
File: ../p1_plots/batch_size_nb_1000/prob_stop_early_sup_p1.png Graphic file (t
ype png)
<use ../p1_plots/batch_size_nb_1000/prob_stop_early_sup_p1.png>
Package pdftex.def Info: ../p1_plots/batch_size_nb_1000/prob_stop_early_sup_p1.
png  used on input line 232.
(pdftex.def)             Requested size: 375.808pt x 210.8283pt.
[6 <../p1_plots/batch_size_nb_1000/prob_stop_early_p1.png>]
<../p1_plots/batch_size_nb_1000/pvalue_p1.png, id=80, 3011.25pt x 1689.31125pt>

File: ../p1_plots/batch_size_nb_1000/pvalue_p1.png Graphic file (type png)
<use ../p1_plots/batch_size_nb_1000/pvalue_p1.png>
Package pdftex.def Info: ../p1_plots/batch_size_nb_1000/pvalue_p1.png  used on 
input line 256.
(pdftex.def)             Requested size: 469.72556pt x 263.51602pt.
[7 <../p1_plots/batch_size_nb_1000/prob_stop_early_fut_p1.png> <../p1_plots/bat
ch_size_nb_1000/prob_stop_early_sup_p1.png>]
<../p1_plots/batch_size_nb_1000/pvalue_fut_p1.png, id=91, 3011.25pt x 1689.3112
5pt>
File: ../p1_plots/batch_size_nb_1000/pvalue_fut_p1.png Graphic file (type png)
<use ../p1_plots/batch_size_nb_1000/pvalue_fut_p1.png>
Package pdftex.def Info: ../p1_plots/batch_size_nb_1000/pvalue_fut_p1.png  used
 on input line 279.
(pdftex.def)             Requested size: 375.808pt x 210.8283pt.
<../p1_plots/batch_size_nb_1000/pvalue_sup_p1.png, id=92, 3011.25pt x 1689.3112
5pt>
File: ../p1_plots/batch_size_nb_1000/pvalue_sup_p1.png Graphic file (type png)
<use ../p1_plots/batch_size_nb_1000/pvalue_sup_p1.png>
Package pdftex.def Info: ../p1_plots/batch_size_nb_1000/pvalue_sup_p1.png  used
 on input line 285.
(pdftex.def)             Requested size: 375.808pt x 210.8283pt.
[8 <../p1_plots/batch_size_nb_1000/pvalue_p1.png>]
<../p1_plots/batch_size_nb_1000/RRRhat_p1.png, id=99, 3011.25pt x 1689.31125pt>

File: ../p1_plots/batch_size_nb_1000/RRRhat_p1.png Graphic file (type png)
<use ../p1_plots/batch_size_nb_1000/RRRhat_p1.png>
Package pdftex.def Info: ../p1_plots/batch_size_nb_1000/RRRhat_p1.png  used on 
input line 302.
(pdftex.def)             Requested size: 469.72556pt x 263.51602pt.
[9 <../p1_plots/batch_size_nb_1000/pvalue_fut_p1.png> <../p1_plots/batch_size_n
b_1000/pvalue_sup_p1.png>]
<../p1_plots/batch_size_nb_1000/RRRhat_fut_p1.png, id=109, 3011.25pt x 1689.311
25pt>
File: ../p1_plots/batch_size_nb_1000/RRRhat_fut_p1.png Graphic file (type png)
<use ../p1_plots/batch_size_nb_1000/RRRhat_fut_p1.png>
Package pdftex.def Info: ../p1_plots/batch_size_nb_1000/RRRhat_fut_p1.png  used
 on input line 327.
(pdftex.def)             Requested size: 375.808pt x 210.8283pt.
<../p1_plots/batch_size_nb_1000/RRRhat_sup_p1.png, id=110, 3011.25pt x 1689.311
25pt>
File: ../p1_plots/batch_size_nb_1000/RRRhat_sup_p1.png Graphic file (type png)
<use ../p1_plots/batch_size_nb_1000/RRRhat_sup_p1.png>
Package pdftex.def Info: ../p1_plots/batch_size_nb_1000/RRRhat_sup_p1.png  used
 on input line 333.
(pdftex.def)             Requested size: 375.808pt x 210.8283pt.
[10 <../p1_plots/batch_size_nb_1000/RRRhat_p1.png>]
<../p1_plots/batch_size_nb_2000/type_1_error_p1.png, id=117, 3011.25pt x 1689.3
1125pt>
File: ../p1_plots/batch_size_nb_2000/type_1_error_p1.png Graphic file (type png
)
<use ../p1_plots/batch_size_nb_2000/type_1_error_p1.png>
Package pdftex.def Info: ../p1_plots/batch_size_nb_2000/type_1_error_p1.png  us
ed on input line 364.
(pdftex.def)             Requested size: 469.72556pt x 263.51602pt.
[11 <../p1_plots/batch_size_nb_1000/RRRhat_fut_p1.png> <../p1_plots/batch_size_
nb_1000/RRRhat_sup_p1.png>]
<../p1_plots/batch_size_nb_2000/power_all_p1.png, id=129, 4516.875pt x 1689.311
25pt>
File: ../p1_plots/batch_size_nb_2000/power_all_p1.png Graphic file (type png)
<use ../p1_plots/batch_size_nb_2000/power_all_p1.png>
Package pdftex.def Info: ../p1_plots/batch_size_nb_2000/power_all_p1.png  used 
on input line 373.
(pdftex.def)             Requested size: 469.70258pt x 175.66876pt.
<../p1_plots/batch_size_nb_2000/power_p1.png, id=130, 3011.25pt x 1689.31125pt>

File: ../p1_plots/batch_size_nb_2000/power_p1.png Graphic file (type png)
<use ../p1_plots/batch_size_nb_2000/power_p1.png>
Package pdftex.def Info: ../p1_plots/batch_size_nb_2000/power_p1.png  used on i
nput line 380.
(pdftex.def)             Requested size: 469.72556pt x 263.51602pt.
[12 <../p1_plots/batch_size_nb_2000/type_1_error_p1.png> <../p1_plots/batch_siz
e_nb_2000/power_all_p1.png>]
<../p1_plots/batch_size_nb_2000/exp_sample_size_p1.png, id=142, 3011.25pt x 168
9.31125pt>
File: ../p1_plots/batch_size_nb_2000/exp_sample_size_p1.png Graphic file (type 
png)
<use ../p1_plots/batch_size_nb_2000/exp_sample_size_p1.png>
Package pdftex.def Info: ../p1_plots/batch_size_nb_2000/exp_sample_size_p1.png 
 used on input line 389.
(pdftex.def)             Requested size: 469.72556pt x 263.51602pt.
[13 <../p1_plots/batch_size_nb_2000/power_p1.png>]
<../p1_plots/batch_size_nb_2000/prob_reach_max_size_p1.png, id=152, 3011.25pt x
 1689.31125pt>
File: ../p1_plots/batch_size_nb_2000/prob_reach_max_size_p1.png Graphic file (t
ype png)
<use ../p1_plots/batch_size_nb_2000/prob_reach_max_size_p1.png>
Package pdftex.def Info: ../p1_plots/batch_size_nb_2000/prob_reach_max_size_p1.
png  used on input line 399.
(pdftex.def)             Requested size: 469.72556pt x 263.51602pt.
<../p1_plots/batch_size_nb_2000/prob_stop_early_p1.png, id=153, 3011.25pt x 168
9.31125pt>
File: ../p1_plots/batch_size_nb_2000/prob_stop_early_p1.png Graphic file (type 
png)
<use ../p1_plots/batch_size_nb_2000/prob_stop_early_p1.png>
Package pdftex.def Info: ../p1_plots/batch_size_nb_2000/prob_stop_early_p1.png 
 used on input line 410.
(pdftex.def)             Requested size: 469.72556pt x 263.51602pt.
[14 <../p1_plots/batch_size_nb_2000/exp_sample_size_p1.png> <../p1_plots/batch_
size_nb_2000/prob_reach_max_size_p1.png>]
<../p1_plots/batch_size_nb_2000/prob_stop_early_fut_p1.png, id=165, 3011.25pt x
 1689.31125pt>
File: ../p1_plots/batch_size_nb_2000/prob_stop_early_fut_p1.png Graphic file (t
ype png)
<use ../p1_plots/batch_size_nb_2000/prob_stop_early_fut_p1.png>
Package pdftex.def Info: ../p1_plots/batch_size_nb_2000/prob_stop_early_fut_p1.
png  used on input line 421.
(pdftex.def)             Requested size: 375.808pt x 210.8283pt.
<../p1_plots/batch_size_nb_2000/prob_stop_early_sup_p1.png, id=166, 3011.25pt x
 1689.31125pt>
File: ../p1_plots/batch_size_nb_2000/prob_stop_early_sup_p1.png Graphic file (t
ype png)
<use ../p1_plots/batch_size_nb_2000/prob_stop_early_sup_p1.png>
Package pdftex.def Info: ../p1_plots/batch_size_nb_2000/prob_stop_early_sup_p1.
png  used on input line 426.
(pdftex.def)             Requested size: 375.808pt x 210.8283pt.
[15 <../p1_plots/batch_size_nb_2000/prob_stop_early_p1.png>]
<../p1_plots/batch_size_nb_2000/pvalue_p1.png, id=175, 3011.25pt x 1689.31125pt
>
File: ../p1_plots/batch_size_nb_2000/pvalue_p1.png Graphic file (type png)
<use ../p1_plots/batch_size_nb_2000/pvalue_p1.png>
Package pdftex.def Info: ../p1_plots/batch_size_nb_2000/pvalue_p1.png  used on 
input line 438.
(pdftex.def)             Requested size: 469.72556pt x 263.51602pt.
[16 <../p1_plots/batch_size_nb_2000/prob_stop_early_fut_p1.png> <../p1_plots/ba
tch_size_nb_2000/prob_stop_early_sup_p1.png>]
<../p1_plots/batch_size_nb_2000/pvalue_fut_p1.png, id=185, 3011.25pt x 1689.311
25pt>
File: ../p1_plots/batch_size_nb_2000/pvalue_fut_p1.png Graphic file (type png)
<use ../p1_plots/batch_size_nb_2000/pvalue_fut_p1.png>
Package pdftex.def Info: ../p1_plots/batch_size_nb_2000/pvalue_fut_p1.png  used
 on input line 453.
(pdftex.def)             Requested size: 375.808pt x 210.8283pt.
<../p1_plots/batch_size_nb_2000/pvalue_sup_p1.png, id=186, 3011.25pt x 1689.311
25pt>
File: ../p1_plots/batch_size_nb_2000/pvalue_sup_p1.png Graphic file (type png)
<use ../p1_plots/batch_size_nb_2000/pvalue_sup_p1.png>
Package pdftex.def Info: ../p1_plots/batch_size_nb_2000/pvalue_sup_p1.png  used
 on input line 459.
(pdftex.def)             Requested size: 375.808pt x 210.8283pt.
[17 <../p1_plots/batch_size_nb_2000/pvalue_p1.png>]
<../p1_plots/batch_size_nb_2000/RRRhat_p1.png, id=193, 3011.25pt x 1689.31125pt
>
File: ../p1_plots/batch_size_nb_2000/RRRhat_p1.png Graphic file (type png)
<use ../p1_plots/batch_size_nb_2000/RRRhat_p1.png>
Package pdftex.def Info: ../p1_plots/batch_size_nb_2000/RRRhat_p1.png  used on 
input line 470.
(pdftex.def)             Requested size: 469.72556pt x 263.51602pt.
[18 <../p1_plots/batch_size_nb_2000/pvalue_fut_p1.png> <../p1_plots/batch_size_
nb_2000/pvalue_sup_p1.png>]
<../p1_plots/batch_size_nb_2000/RRRhat_fut_p1.png, id=203, 3011.25pt x 1689.311
25pt>
File: ../p1_plots/batch_size_nb_2000/RRRhat_fut_p1.png Graphic file (type png)
<use ../p1_plots/batch_size_nb_2000/RRRhat_fut_p1.png>
Package pdftex.def Info: ../p1_plots/batch_size_nb_2000/RRRhat_fut_p1.png  used
 on input line 481.
(pdftex.def)             Requested size: 375.808pt x 210.8283pt.
<../p1_plots/batch_size_nb_2000/RRRhat_sup_p1.png, id=204, 3011.25pt x 1689.311
25pt>
File: ../p1_plots/batch_size_nb_2000/RRRhat_sup_p1.png Graphic file (type png)
<use ../p1_plots/batch_size_nb_2000/RRRhat_sup_p1.png>
Package pdftex.def Info: ../p1_plots/batch_size_nb_2000/RRRhat_sup_p1.png  used
 on input line 487.
(pdftex.def)             Requested size: 375.808pt x 210.8283pt.
[19 <../p1_plots/batch_size_nb_2000/RRRhat_p1.png>]
<../p1_plots/batch_size_nb_3000/type_1_error_p1.png, id=212, 3011.25pt x 1689.3
1125pt>
File: ../p1_plots/batch_size_nb_3000/type_1_error_p1.png Graphic file (type png
)
<use ../p1_plots/batch_size_nb_3000/type_1_error_p1.png>
Package pdftex.def Info: ../p1_plots/batch_size_nb_3000/type_1_error_p1.png  us
ed on input line 518.
(pdftex.def)             Requested size: 469.72556pt x 263.51602pt.
[20 <../p1_plots/batch_size_nb_2000/RRRhat_fut_p1.png> <../p1_plots/batch_size_
nb_2000/RRRhat_sup_p1.png>]
<../p1_plots/batch_size_nb_3000/power_all_p1.png, id=224, 4516.875pt x 1689.311
25pt>
File: ../p1_plots/batch_size_nb_3000/power_all_p1.png Graphic file (type png)
<use ../p1_plots/batch_size_nb_3000/power_all_p1.png>
Package pdftex.def Info: ../p1_plots/batch_size_nb_3000/power_all_p1.png  used 
on input line 527.
(pdftex.def)             Requested size: 469.70258pt x 175.66876pt.
<../p1_plots/batch_size_nb_3000/power_p1.png, id=225, 3011.25pt x 1689.31125pt>

File: ../p1_plots/batch_size_nb_3000/power_p1.png Graphic file (type png)
<use ../p1_plots/batch_size_nb_3000/power_p1.png>
Package pdftex.def Info: ../p1_plots/batch_size_nb_3000/power_p1.png  used on i
nput line 534.
(pdftex.def)             Requested size: 469.72556pt x 263.51602pt.
[21 <../p1_plots/batch_size_nb_3000/type_1_error_p1.png> <../p1_plots/batch_siz
e_nb_3000/power_all_p1.png>]
<../p1_plots/batch_size_nb_3000/exp_sample_size_p1.png, id=237, 3011.25pt x 168
9.31125pt>
File: ../p1_plots/batch_size_nb_3000/exp_sample_size_p1.png Graphic file (type 
png)
<use ../p1_plots/batch_size_nb_3000/exp_sample_size_p1.png>
Package pdftex.def Info: ../p1_plots/batch_size_nb_3000/exp_sample_size_p1.png 
 used on input line 543.
(pdftex.def)             Requested size: 469.72556pt x 263.51602pt.
[22 <../p1_plots/batch_size_nb_3000/power_p1.png>]
<../p1_plots/batch_size_nb_3000/prob_reach_max_size_p1.png, id=246, 3011.25pt x
 1689.31125pt>
File: ../p1_plots/batch_size_nb_3000/prob_reach_max_size_p1.png Graphic file (t
ype png)
<use ../p1_plots/batch_size_nb_3000/prob_reach_max_size_p1.png>
Package pdftex.def Info: ../p1_plots/batch_size_nb_3000/prob_reach_max_size_p1.
png  used on input line 553.
(pdftex.def)             Requested size: 469.72556pt x 263.51602pt.
<../p1_plots/batch_size_nb_3000/prob_stop_early_p1.png, id=247, 3011.25pt x 168
9.31125pt>
File: ../p1_plots/batch_size_nb_3000/prob_stop_early_p1.png Graphic file (type 
png)
<use ../p1_plots/batch_size_nb_3000/prob_stop_early_p1.png>
Package pdftex.def Info: ../p1_plots/batch_size_nb_3000/prob_stop_early_p1.png 
 used on input line 564.
(pdftex.def)             Requested size: 469.72556pt x 263.51602pt.
[23 <../p1_plots/batch_size_nb_3000/exp_sample_size_p1.png> <../p1_plots/batch_
size_nb_3000/prob_reach_max_size_p1.png>]
<../p1_plots/batch_size_nb_3000/prob_stop_early_fut_p1.png, id=259, 3011.25pt x
 1689.31125pt>
File: ../p1_plots/batch_size_nb_3000/prob_stop_early_fut_p1.png Graphic file (t
ype png)
<use ../p1_plots/batch_size_nb_3000/prob_stop_early_fut_p1.png>
Package pdftex.def Info: ../p1_plots/batch_size_nb_3000/prob_stop_early_fut_p1.
png  used on input line 575.
(pdftex.def)             Requested size: 375.808pt x 210.8283pt.
<../p1_plots/batch_size_nb_3000/prob_stop_early_sup_p1.png, id=260, 3011.25pt x
 1689.31125pt>
File: ../p1_plots/batch_size_nb_3000/prob_stop_early_sup_p1.png Graphic file (t
ype png)
<use ../p1_plots/batch_size_nb_3000/prob_stop_early_sup_p1.png>
Package pdftex.def Info: ../p1_plots/batch_size_nb_3000/prob_stop_early_sup_p1.
png  used on input line 580.
(pdftex.def)             Requested size: 375.808pt x 210.8283pt.
[24 <../p1_plots/batch_size_nb_3000/prob_stop_early_p1.png>]
<../p1_plots/batch_size_nb_3000/pvalue_p1.png, id=268, 3011.25pt x 1689.31125pt
>
File: ../p1_plots/batch_size_nb_3000/pvalue_p1.png Graphic file (type png)
<use ../p1_plots/batch_size_nb_3000/pvalue_p1.png>
Package pdftex.def Info: ../p1_plots/batch_size_nb_3000/pvalue_p1.png  used on 
input line 592.
(pdftex.def)             Requested size: 469.72556pt x 263.51602pt.
[25 <../p1_plots/batch_size_nb_3000/prob_stop_early_fut_p1.png> <../p1_plots/ba
tch_size_nb_3000/prob_stop_early_sup_p1.png>]
<../p1_plots/batch_size_nb_3000/pvalue_fut_p1.png, id=279, 3011.25pt x 1689.311
25pt>
File: ../p1_plots/batch_size_nb_3000/pvalue_fut_p1.png Graphic file (type png)
<use ../p1_plots/batch_size_nb_3000/pvalue_fut_p1.png>
Package pdftex.def Info: ../p1_plots/batch_size_nb_3000/pvalue_fut_p1.png  used
 on input line 607.
(pdftex.def)             Requested size: 375.808pt x 210.8283pt.
<../p1_plots/batch_size_nb_3000/pvalue_sup_p1.png, id=280, 3011.25pt x 1689.311
25pt>
File: ../p1_plots/batch_size_nb_3000/pvalue_sup_p1.png Graphic file (type png)
<use ../p1_plots/batch_size_nb_3000/pvalue_sup_p1.png>
Package pdftex.def Info: ../p1_plots/batch_size_nb_3000/pvalue_sup_p1.png  used
 on input line 613.
(pdftex.def)             Requested size: 375.808pt x 210.8283pt.
[26 <../p1_plots/batch_size_nb_3000/pvalue_p1.png>]
<../p1_plots/batch_size_nb_3000/RRRhat_p1.png, id=287, 3011.25pt x 1689.31125pt
>
File: ../p1_plots/batch_size_nb_3000/RRRhat_p1.png Graphic file (type png)
<use ../p1_plots/batch_size_nb_3000/RRRhat_p1.png>
Package pdftex.def Info: ../p1_plots/batch_size_nb_3000/RRRhat_p1.png  used on 
input line 624.
(pdftex.def)             Requested size: 469.72556pt x 263.51602pt.
[27 <../p1_plots/batch_size_nb_3000/pvalue_fut_p1.png> <../p1_plots/batch_size_
nb_3000/pvalue_sup_p1.png>]
<../p1_plots/batch_size_nb_3000/RRRhat_fut_p1.png, id=297, 3011.25pt x 1689.311
25pt>
File: ../p1_plots/batch_size_nb_3000/RRRhat_fut_p1.png Graphic file (type png)
<use ../p1_plots/batch_size_nb_3000/RRRhat_fut_p1.png>
Package pdftex.def Info: ../p1_plots/batch_size_nb_3000/RRRhat_fut_p1.png  used
 on input line 635.
(pdftex.def)             Requested size: 375.808pt x 210.8283pt.
<../p1_plots/batch_size_nb_3000/RRRhat_sup_p1.png, id=298, 3011.25pt x 1689.311
25pt>
File: ../p1_plots/batch_size_nb_3000/RRRhat_sup_p1.png Graphic file (type png)
<use ../p1_plots/batch_size_nb_3000/RRRhat_sup_p1.png>
Package pdftex.def Info: ../p1_plots/batch_size_nb_3000/RRRhat_sup_p1.png  used
 on input line 641.
(pdftex.def)             Requested size: 375.808pt x 210.8283pt.
[28 <../p1_plots/batch_size_nb_3000/RRRhat_p1.png>] [29 <../p1_plots/batch_size
_nb_3000/RRRhat_fut_p1.png> <../p1_plots/batch_size_nb_3000/RRRhat_sup_p1.png>]
(./appendix_new_simulations.aux)
Package rerunfilecheck Info: File `appendix_new_simulations.out' has not change
d.
(rerunfilecheck)             Checksum: 20E7E8D4C5AE3C01A53CA37A756632C2;917.

LaTeX Warning: There were multiply-defined labels.

 ) 
Here is how much of TeX's memory you used:
 11575 strings out of 481885
 183968 string characters out of 5930703
 443983 words of memory out of 5000000
 27573 multiletter control sequences out of 15000+600000
 580365 words of font info for 67 fonts, out of 8000000 for 9000
 14 hyphenation exceptions out of 8191
 60i,7n,66p,941b,552s stack positions out of 5000i,500n,10000p,200000b,80000s
{/Users/jameswillard/Library/TinyTeX/texmf-dist/fonts/enc/dvips/lm/lm-ec.enc}
</Users/jameswillard/Library/TinyTeX/texmf-dist/fonts/type1/public/lm/lmbx10.pf
b></Users/jameswillard/Library/TinyTeX/texmf-dist/fonts/type1/public/lm/lmbx12.
pfb></Users/jameswillard/Library/TinyTeX/texmf-dist/fonts/type1/public/lm/lmr10
.pfb></Users/jameswillard/Library/TinyTeX/texmf-dist/fonts/type1/public/lm/lmr1
7.pfb></Users/jameswillard/Library/TinyTeX/texmf-dist/fonts/type1/public/lm/lmr
9.pfb>
Output written on appendix_new_simulations.pdf (29 pages, 9033136 bytes).
PDF statistics:
 359 PDF objects out of 1000 (max. 8388607)
 236 compressed objects within 3 object streams
 117 named destinations out of 1000 (max. 500000)
 235 words of extra memory for PDF output out of 10000 (max. 10000000)

